build/app/intermediates/manifest_merge_blame_file/debug/manifest-merger-blame-debug-report.txt
1<?xml version="1.0" encoding="utf-8"?>
2<manifest xmlns:android="http://schemas.android.com/apk/res/android"
3    package="com.example.travelwave_mobile"
4    android:versionCode="1"
5    android:versionName="1.0.0" >
6
7    <uses-sdk
8        android:minSdkVersion="20"
9        android:targetSdkVersion="33" />
10    <!--
11         The INTERNET permission is required for development. Specifically,
12         the Flutter tool needs it to communicate with the running application
13         to allow setting breakpoints, to provide hot reload, etc.
14    -->
15    <uses-permission android:name="android.permission.INTERNET" />
15-->src/debug/AndroidManifest.xml:6:5-66
15-->src/debug/AndroidManifest.xml:6:22-64
16    <!--
17     Required to query activities that can process text, see:
18         https://developer.android.com/training/package-visibility?hl=en and
19         https://developer.android.com/reference/android/content/Intent#ACTION_PROCESS_TEXT.
20
21         In particular, this is used by the Flutter engine in io.flutter.plugin.text.ProcessTextPlugin.
22    -->
23    <queries>
23-->src/main/AndroidManifest.xml:38:5-43:15
24        <intent>
24-->src/main/AndroidManifest.xml:39:9-42:18
25            <action android:name="android.intent.action.PROCESS_TEXT" />
25-->src/main/AndroidManifest.xml:40:13-72
25-->src/main/AndroidManifest.xml:40:21-70
26
27            <data android:mimeType="text/plain" />
27-->src/main/AndroidManifest.xml:41:13-50
27-->src/main/AndroidManifest.xml:41:19-48
28        </intent>
29        <!-- Needs to be explicitly declared on Android R+ -->
30        <package android:name="com.google.android.apps.maps" />
30-->[com.google.android.gms:play-services-maps:18.2.0] AndroidManifest.xml:33:9-64
30-->[com.google.android.gms:play-services-maps:18.2.0] AndroidManifest.xml:33:18-61
31    </queries> <!-- Include required permissions for Google Maps API to run. -->
32    <uses-permission android:name="android.permission.ACCESS_NETWORK_STATE" />
32-->[com.google.android.gms:play-services-maps:18.2.0] AndroidManifest.xml:23:5-79
32-->[com.google.android.gms:play-services-maps:18.2.0] AndroidManifest.xml:23:22-76
33
34    <uses-feature
34-->[com.google.android.gms:play-services-maps:18.2.0] AndroidManifest.xml:26:5-28:35
35        android:glEsVersion="0x00020000"
35-->[com.google.android.gms:play-services-maps:18.2.0] AndroidManifest.xml:27:9-41
36        android:required="true" />
36-->[com.google.android.gms:play-services-maps:18.2.0] AndroidManifest.xml:28:9-32
37
38    <application
39        android:name="android.app.Application"
40        android:appComponentFactory="androidx.core.app.CoreComponentFactory"
40-->[androidx.core:core:1.6.0] AndroidManifest.xml:24:18-86
41        android:debuggable="true"
42        android:icon="@mipmap/ic_launcher"
43        android:label="travelwave_mobile" >
44        <activity
45            android:name="com.example.travelwave_mobile.MainActivity"
46            android:configChanges="orientation|keyboardHidden|keyboard|screenSize|smallestScreenSize|locale|layoutDirection|fontScale|screenLayout|density|uiMode"
47            android:exported="true"
48            android:hardwareAccelerated="true"
49            android:launchMode="singleTop"
50            android:theme="@style/LaunchTheme"
51            android:windowSoftInputMode="adjustResize" >
52
53            <!--
54                 Specifies an Android theme to apply to this Activity as soon as
55                 the Android process has started. This theme is visible to the user
56                 while the Flutter UI initializes. After that, this theme continues
57                 to determine the Window background behind the Flutter UI.
58            -->
59            <meta-data
60                android:name="io.flutter.embedding.android.NormalTheme"
61                android:resource="@style/NormalTheme" />
62
63            <intent-filter>
64                <action android:name="android.intent.action.MAIN" />
65
66                <category android:name="android.intent.category.LAUNCHER" />
67            </intent-filter>
68        </activity>
69        <!--
70             Don't delete the meta-data below.
71             This is used by the Flutter tool to generate GeneratedPluginRegistrant.java
72        -->
73        <meta-data
74            android:name="flutterEmbedding"
75            android:value="2" />
76
77        <uses-library
77-->[androidx.window:window:1.0.0-beta04] AndroidManifest.xml:25:9-27:40
78            android:name="androidx.window.extensions"
78-->[androidx.window:window:1.0.0-beta04] AndroidManifest.xml:26:13-54
79            android:required="false" />
79-->[androidx.window:window:1.0.0-beta04] AndroidManifest.xml:27:13-37
80        <uses-library
80-->[androidx.window:window:1.0.0-beta04] AndroidManifest.xml:28:9-30:40
81            android:name="androidx.window.sidecar"
81-->[androidx.window:window:1.0.0-beta04] AndroidManifest.xml:29:13-51
82            android:required="false" /> <!-- Needs to be explicitly declared on P+ -->
82-->[androidx.window:window:1.0.0-beta04] AndroidManifest.xml:30:13-37
83        <uses-library
83-->[com.google.android.gms:play-services-maps:18.2.0] AndroidManifest.xml:39:9-41:40
84            android:name="org.apache.http.legacy"
84-->[com.google.android.gms:play-services-maps:18.2.0] AndroidManifest.xml:40:13-50
85            android:required="false" />
85-->[com.google.android.gms:play-services-maps:18.2.0] AndroidManifest.xml:41:13-37
86
87        <activity
87-->[com.google.android.gms:play-services-base:18.0.1] AndroidManifest.xml:20:9-22:45
88            android:name="com.google.android.gms.common.api.GoogleApiActivity"
88-->[com.google.android.gms:play-services-base:18.0.1] AndroidManifest.xml:20:19-85
89            android:exported="false"
89-->[com.google.android.gms:play-services-base:18.0.1] AndroidManifest.xml:22:19-43
90            android:theme="@android:style/Theme.Translucent.NoTitleBar" />
90-->[com.google.android.gms:play-services-base:18.0.1] AndroidManifest.xml:21:19-78
91
92        <meta-data
92-->[com.google.android.gms:play-services-basement:18.0.0] AndroidManifest.xml:21:9-23:69
93            android:name="com.google.android.gms.version"
93-->[com.google.android.gms:play-services-basement:18.0.0] AndroidManifest.xml:22:13-58
94            android:value="@integer/google_play_services_version" />
94-->[com.google.android.gms:play-services-basement:18.0.0] AndroidManifest.xml:23:13-66
95    </application>
96
97</manifest>